Using pre-set license
Built from '2020.3/staging' branch; Version is '2020.3.5f1 (8095aa901b9b) revision 8426922'; Using compiler version '192528614'; Build Type 'Release'
OS: 'Windows 10 Pro; OS build 17763.914; Version 1809; 64bit' Language: 'ru' Physical Memory: 8067 MB
BatchMode: 1, IsHumanControllingUs: 0, StartBugReporterOnCrash: 0, Is64bit: 1, IsPro: 0

 COMMAND LINE ARGUMENTS:
E:\Labels\Programming\Unity\2020.3.5f1\Editor\Unity.exe
-adb2
-batchMode
-noUpm
-name
AssetImportWorker0
-projectPath
F:/College/MathHelper/MathHelper
-logFile
Logs/AssetImportWorker0.log
-srvPort
26405
Successfully changed project path to: F:/College/MathHelper/MathHelper
F:/College/MathHelper/MathHelper
Using Asset Import Pipeline V2.
Refreshing native plugins compatible for Editor in 106.96 ms, found 0 plugins.
Preloading 0 native plugins for Editor in 0.00 ms.
Initialize engine version: 2020.3.5f1 (8095aa901b9b)
[Subsystems] Discovering subsystems at path E:/Labels/Programming/Unity/2020.3.5f1/Editor/Data/Resources/UnitySubsystems
[Subsystems] Discovering subsystems at path F:/College/MathHelper/MathHelper/Assets
GfxDevice: creating device client; threaded=0
Direct3D:
    Version:  Direct3D 11.0 [level 11.0]
    Renderer: NVIDIA GeForce MX130 (ID=0x174d)
    Vendor:   
    VRAM:     2010 MB
    Driver:   27.21.14.6611
Shader 'Universal Render Pipeline/Particles/Lit': fallback shader 'Universal Render Pipeline/Particles/SimpleLit' not found
Initialize mono
Mono path[0] = 'E:/Labels/Programming/Unity/2020.3.5f1/Editor/Data/Managed'
Mono path[1] = 'E:/Labels/Programming/Unity/2020.3.5f1/Editor/Data/MonoBleedingEdge/lib/mono/unityjit'
Mono config path = 'E:/Labels/Programming/Unity/2020.3.5f1/Editor/Data/MonoBleedingEdge/etc'
Using monoOptions --debugger-agent=transport=dt_socket,embedding=1,server=y,suspend=n,address=127.0.0.1:56464
Begin MonoManager ReloadAssembly
Registering precompiled unity dll's ...
Register platform support module: E:/Labels/Programming/Unity/2020.3.5f1/Editor/Data/PlaybackEngines/WindowsStandaloneSupport/UnityEditor.WindowsStandalone.Extensions.dll
Registered in 0.002333 seconds.
Native extension for WindowsStandalone target not found
Refreshing native plugins compatible for Editor in 136.75 ms, found 0 plugins.
Preloading 0 native plugins for Editor in 0.00 ms.
Mono: successfully reloaded assembly
- Completed reload, in  5.746 seconds
Platform modules already initialized, skipping
Registering precompiled user dll's ...
Registered in 0.002252 seconds.
Begin MonoManager ReloadAssembly
Native extension for WindowsStandalone target not found
Refreshing native plugins compatible for Editor in 122.99 ms, found 0 plugins.
Preloading 0 native plugins for Editor in 0.00 ms.
Mono: successfully reloaded assembly
- Completed reload, in  2.607 seconds
Platform modules already initialized, skipping
========================================================================
Worker process is ready to serve import requests
Shader 'Universal Render Pipeline/Particles/Lit': fallback shader 'Universal Render Pipeline/Particles/SimpleLit' not found
Launched and connected shader compiler UnityShaderCompiler.exe after 0.28 seconds
Refreshing native plugins compatible for Editor in 1.14 ms, found 0 plugins.
Preloading 0 native plugins for Editor in 0.00 ms.
Unloading 2740 Unused Serialized files (Serialized files now loaded: 0)
System memory in use before: 122.7 MB.
System memory in use after: 122.9 MB.

Unloading 13 unused Assets to reduce memory usage. Loaded Objects now: 3184.
Total: 5.012000 ms (FindLiveObjects: 0.433700 ms CreateObjectMapping: 0.235300 ms MarkObjects: 4.171000 ms  DeleteObjects: 0.169600 ms)

========================================================================
Received Import Request.
  path: Assets/Scenes/SampleScene.unity
  artifactKey: Guid(9fc0d4010bbf28b4594072e72b8655ab) Importer(815301076,1909f56bfc062723c751e8b465ee728b)
Start importing Assets/Scenes/SampleScene.unity using Guid(9fc0d4010bbf28b4594072e72b8655ab) Importer(815301076,1909f56bfc062723c751e8b465ee728b)  -> (artifact id: '83aad426e52b07bdd19efa3543eaf27f') in 0.024360 seconds
  Import took 0.033348 seconds .

========================================================================
Received Import Request.
  Time since last request: 22.822060 seconds.
  path: Assets/Media/logo.jpg
  artifactKey: Guid(e277722ae8521b845802c5277b1552c0) Importer(815301076,1909f56bfc062723c751e8b465ee728b)
Start importing Assets/Media/logo.jpg using Guid(e277722ae8521b845802c5277b1552c0) Importer(815301076,1909f56bfc062723c751e8b465ee728b)  -> (artifact id: '21a93300551093c955851b8e6da34f04') in 0.135532 seconds
  Import took 0.149058 seconds .

========================================================================
Received Import Request.
  Time since last request: 3.014364 seconds.
  path: Assets/Material/Red.mat
  artifactKey: Guid(72c46a584393aa040b9fe67ff7bcbd8a) Importer(815301076,1909f56bfc062723c751e8b465ee728b)
Start importing Assets/Material/Red.mat using Guid(72c46a584393aa040b9fe67ff7bcbd8a) Importer(815301076,1909f56bfc062723c751e8b465ee728b)  -> (artifact id: 'c03ed8fd3ef000d7e3b78bc285c40ba8') in 0.410464 seconds
  Import took 0.419707 seconds .

========================================================================
Received Prepare
Registering precompiled user dll's ...
Registered in 0.003284 seconds.
Begin MonoManager ReloadAssembly
Native extension for WindowsStandalone target not found
Refreshing native plugins compatible for Editor in 1.24 ms, found 0 plugins.
Preloading 0 native plugins for Editor in 0.00 ms.
Mono: successfully reloaded assembly
- Completed reload, in  2.645 seconds
Platform modules already initialized, skipping
Switching build target platform(5) subTarget(0) extendedPlatform(0) -> platform(13) subTarget(524288) extendedPlatform(0)
Shader 'Universal Render Pipeline/Particles/Lit': fallback shader 'Universal Render Pipeline/Particles/SimpleLit' not found
Refreshing native plugins compatible for Editor in 0.78 ms, found 0 plugins.
Preloading 0 native plugins for Editor in 0.00 ms.
Unloading 2631 Unused Serialized files (Serialized files now loaded: 0)
System memory in use before: 121.0 MB.
System memory in use after: 121.2 MB.

Unloading 7 unused Assets to reduce memory usage. Loaded Objects now: 3271.
Total: 5.457500 ms (FindLiveObjects: 0.675200 ms CreateObjectMapping: 0.365300 ms MarkObjects: 4.237700 ms  DeleteObjects: 0.154300 ms)

AssetImportParameters requested are different than current active one (requested -> active):
  custom:graphics/normal-map-encoding: 01000000000000000000000000000000 -> 02000000000000000000000000000000
========================================================================
Received Prepare
Shader 'Universal Render Pipeline/Particles/Lit': fallback shader 'Universal Render Pipeline/Particles/SimpleLit' not found
Refreshing native plugins compatible for Editor in 2.97 ms, found 0 plugins.
Preloading 0 native plugins for Editor in 0.00 ms.
Unloading 4 Unused Serialized files (Serialized files now loaded: 0)
System memory in use before: 68.9 MB.
System memory in use after: 69.1 MB.

Unloading 4 unused Assets to reduce memory usage. Loaded Objects now: 3271.
Total: 5.775300 ms (FindLiveObjects: 0.535100 ms CreateObjectMapping: 0.307400 ms MarkObjects: 4.820700 ms  DeleteObjects: 0.109400 ms)

========================================================================
Received Import Request.
  Time since last request: 586.794800 seconds.
  path: Assets/Scripts/ImageReader.cs
  artifactKey: Guid(02d984c87878c4d43b8f36d13a007564) Importer(815301076,1909f56bfc062723c751e8b465ee728b)
Start importing Assets/Scripts/ImageReader.cs using Guid(02d984c87878c4d43b8f36d13a007564) Importer(815301076,1909f56bfc062723c751e8b465ee728b)  -> (artifact id: '1dc5c53e294373ae4ecef823f2e67553') in 0.037501 seconds
  Import took 0.054323 seconds .

========================================================================
Received Import Request.
  Time since last request: 0.004180 seconds.
  path: Assets/Scripts/ImageReader.cs
  artifactKey: Guid(02d984c87878c4d43b8f36d13a007564) Importer(815301076,1909f56bfc062723c751e8b465ee728b)
Start importing Assets/Scripts/ImageReader.cs using Guid(02d984c87878c4d43b8f36d13a007564) Importer(815301076,1909f56bfc062723c751e8b465ee728b)  -> (artifact id: '1dc5c53e294373ae4ecef823f2e67553') in 0.001925 seconds
  Import took 0.014363 seconds .

========================================================================
Received Prepare
Registering precompiled user dll's ...
Registered in 0.001957 seconds.
Begin MonoManager ReloadAssembly
Native extension for WindowsStandalone target not found
Refreshing native plugins compatible for Editor in 0.82 ms, found 0 plugins.
Preloading 0 native plugins for Editor in 0.00 ms.
Mono: successfully reloaded assembly
- Completed reload, in  2.209 seconds
Platform modules already initialized, skipping
Switching build target platform(5) subTarget(0) extendedPlatform(0) -> platform(13) subTarget(524288) extendedPlatform(0)
Shader 'Universal Render Pipeline/Particles/Lit': fallback shader 'Universal Render Pipeline/Particles/SimpleLit' not found
Refreshing native plugins compatible for Editor in 0.85 ms, found 0 plugins.
Preloading 0 native plugins for Editor in 0.00 ms.
Unloading 2631 Unused Serialized files (Serialized files now loaded: 0)
System memory in use before: 121.0 MB.
System memory in use after: 121.2 MB.

Unloading 7 unused Assets to reduce memory usage. Loaded Objects now: 3278.
Total: 5.330400 ms (FindLiveObjects: 0.713000 ms CreateObjectMapping: 0.323500 ms MarkObjects: 4.177900 ms  DeleteObjects: 0.114000 ms)

AssetImportParameters requested are different than current active one (requested -> active):
  custom:graphics/normal-map-encoding: 01000000000000000000000000000000 -> 02000000000000000000000000000000
========================================================================
Received Prepare
Registering precompiled user dll's ...
Registered in 0.002285 seconds.
Begin MonoManager ReloadAssembly
Native extension for WindowsStandalone target not found
Refreshing native plugins compatible for Editor in 0.80 ms, found 0 plugins.
Preloading 0 native plugins for Editor in 0.00 ms.
Mono: successfully reloaded assembly
- Completed reload, in  2.197 seconds
Platform modules already initialized, skipping
Switching build target platform(5) subTarget(0) extendedPlatform(0) -> platform(13) subTarget(524288) extendedPlatform(0)
Shader 'Universal Render Pipeline/Particles/Lit': fallback shader 'Universal Render Pipeline/Particles/SimpleLit' not found
Refreshing native plugins compatible for Editor in 0.87 ms, found 0 plugins.
Preloading 0 native plugins for Editor in 0.00 ms.
Unloading 2631 Unused Serialized files (Serialized files now loaded: 0)
System memory in use before: 121.1 MB.
System memory in use after: 121.3 MB.

Unloading 7 unused Assets to reduce memory usage. Loaded Objects now: 3284.
Total: 4.824000 ms (FindLiveObjects: 0.489000 ms CreateObjectMapping: 0.233800 ms MarkObjects: 3.956700 ms  DeleteObjects: 0.139400 ms)

AssetImportParameters requested are different than current active one (requested -> active):
  custom:graphics/normal-map-encoding: 01000000000000000000000000000000 -> 02000000000000000000000000000000
========================================================================
Received Import Request.
  Time since last request: 237.045807 seconds.
  path: Assets/Scripts/ImageReader.cs
  artifactKey: Guid(02d984c87878c4d43b8f36d13a007564) Importer(815301076,1909f56bfc062723c751e8b465ee728b)
Start importing Assets/Scripts/ImageReader.cs using Guid(02d984c87878c4d43b8f36d13a007564) Importer(815301076,1909f56bfc062723c751e8b465ee728b)  -> (artifact id: '6f3ed92126b16f2da8b27d31654ce994') in 0.007959 seconds
  Import took 0.018838 seconds .

========================================================================
Received Prepare
Registering precompiled user dll's ...
Registered in 0.002612 seconds.
Begin MonoManager ReloadAssembly
Native extension for WindowsStandalone target not found
Refreshing native plugins compatible for Editor in 0.79 ms, found 0 plugins.
Preloading 0 native plugins for Editor in 0.00 ms.
Mono: successfully reloaded assembly
- Completed reload, in  2.282 seconds
Platform modules already initialized, skipping
Switching build target platform(5) subTarget(0) extendedPlatform(0) -> platform(13) subTarget(524288) extendedPlatform(0)
Shader 'Universal Render Pipeline/Particles/Lit': fallback shader 'Universal Render Pipeline/Particles/SimpleLit' not found
Refreshing native plugins compatible for Editor in 0.79 ms, found 0 plugins.
Preloading 0 native plugins for Editor in 0.00 ms.
Unloading 2631 Unused Serialized files (Serialized files now loaded: 0)
System memory in use before: 121.1 MB.
System memory in use after: 121.3 MB.

Unloading 7 unused Assets to reduce memory usage. Loaded Objects now: 3290.
Total: 5.559700 ms (FindLiveObjects: 0.679000 ms CreateObjectMapping: 0.321100 ms MarkObjects: 4.425900 ms  DeleteObjects: 0.131100 ms)

AssetImportParameters requested are different than current active one (requested -> active):
  custom:graphics/normal-map-encoding: 01000000000000000000000000000000 -> 02000000000000000000000000000000
========================================================================
Received Prepare
Shader 'Universal Render Pipeline/Particles/Lit': fallback shader 'Universal Render Pipeline/Particles/SimpleLit' not found
Refreshing native plugins compatible for Editor in 3.27 ms, found 0 plugins.
Preloading 0 native plugins for Editor in 0.00 ms.
Unloading 4 Unused Serialized files (Serialized files now loaded: 0)
System memory in use before: 69.1 MB.
System memory in use after: 69.3 MB.

Unloading 4 unused Assets to reduce memory usage. Loaded Objects now: 3290.
Total: 6.534000 ms (FindLiveObjects: 0.794700 ms CreateObjectMapping: 0.387300 ms MarkObjects: 5.236200 ms  DeleteObjects: 0.112700 ms)

========================================================================
Received Import Request.
  Time since last request: 355.688865 seconds.
  path: ProjectSettings/TagManager.asset
  artifactKey: Guid(00000000000000003000000000000000) Importer(815301076,1909f56bfc062723c751e8b465ee728b)
Start importing ProjectSettings/TagManager.asset using Guid(00000000000000003000000000000000) Importer(815301076,1909f56bfc062723c751e8b465ee728b)  -> (artifact id: '45bc68f4965162d5451965ca552bd785') in 0.091110 seconds
  Import took 0.104328 seconds .

========================================================================
Received Import Request.
  Time since last request: 21.121977 seconds.
  path: Assets/Prefabs/Cube.prefab
  artifactKey: Guid(2e95cb5ebb28fe6419aa7dc688f76987) Importer(815301076,1909f56bfc062723c751e8b465ee728b)
Start importing Assets/Prefabs/Cube.prefab using Guid(2e95cb5ebb28fe6419aa7dc688f76987) Importer(815301076,1909f56bfc062723c751e8b465ee728b)  -> (artifact id: 'a2ecd73155b66fb12f41dacd2ed5ac82') in 0.539714 seconds
  Import took 0.552458 seconds .

========================================================================
Received Import Request.
  Time since last request: 10.232289 seconds.
  path: Assets/Prefabs/Cub.prefab
  artifactKey: Guid(2e95cb5ebb28fe6419aa7dc688f76987) Importer(815301076,1909f56bfc062723c751e8b465ee728b)
Start importing Assets/Prefabs/Cub.prefab using Guid(2e95cb5ebb28fe6419aa7dc688f76987) Importer(815301076,1909f56bfc062723c751e8b465ee728b)  -> (artifact id: '447cc7dbe71cd813e5e4daf5b3dfaa7a') in 0.021195 seconds
  Import took 0.032412 seconds .

========================================================================
Received Prepare
Shader 'Universal Render Pipeline/Particles/Lit': fallback shader 'Universal Render Pipeline/Particles/SimpleLit' not found
Refreshing native plugins compatible for Editor in 1.81 ms, found 0 plugins.
Preloading 0 native plugins for Editor in 0.00 ms.
Unloading 4 Unused Serialized files (Serialized files now loaded: 0)
System memory in use before: 69.4 MB.
System memory in use after: 69.6 MB.

Unloading 5 unused Assets to reduce memory usage. Loaded Objects now: 3355.
Total: 7.802900 ms (FindLiveObjects: 0.544200 ms CreateObjectMapping: 0.247900 ms MarkObjects: 6.802000 ms  DeleteObjects: 0.206800 ms)

========================================================================
Received Import Request.
  Time since last request: 266.075014 seconds.
  path: Assets/Prefabs/Cub.prefab
  artifactKey: Guid(2e95cb5ebb28fe6419aa7dc688f76987) Importer(815301076,1909f56bfc062723c751e8b465ee728b)
Start importing Assets/Prefabs/Cub.prefab using Guid(2e95cb5ebb28fe6419aa7dc688f76987) Importer(815301076,1909f56bfc062723c751e8b465ee728b)  -> (artifact id: '88282e7445061c2c00e2f48d9ffaf698') in 0.028101 seconds
  Import took 0.040948 seconds .

========================================================================
Received Import Request.
  Time since last request: 12.620292 seconds.
  path: Assets/ReferenceImageLibrary.asset
  artifactKey: Guid(fe5710e8c46492141a57e7b799f573c6) Importer(815301076,1909f56bfc062723c751e8b465ee728b)
Start importing Assets/ReferenceImageLibrary.asset using Guid(fe5710e8c46492141a57e7b799f573c6) Importer(815301076,1909f56bfc062723c751e8b465ee728b)  -> (artifact id: '724cb6a97dfc65b72a907f096bbd5968') in 0.026094 seconds
  Import took 0.036160 seconds .

========================================================================
Received Import Request.
  Time since last request: 928.520987 seconds.
  path: Assets/Media/logo2.jpg
  artifactKey: Guid(dc05a56649caf284895017d6021a48d3) Importer(815301076,1909f56bfc062723c751e8b465ee728b)
Start importing Assets/Media/logo2.jpg using Guid(dc05a56649caf284895017d6021a48d3) Importer(815301076,1909f56bfc062723c751e8b465ee728b)  -> (artifact id: '8875fc4e0fd28bbdfb1a1d345374968e') in 1.537903 seconds
  Import took 2.616986 seconds .

========================================================================
Received Import Request.
  Time since last request: 20.345633 seconds.
  path: Assets/XR
  artifactKey: Guid(9f9b0d8345c2cf54d93632fb2eae0b77) Importer(815301076,1909f56bfc062723c751e8b465ee728b)
Start importing Assets/XR using Guid(9f9b0d8345c2cf54d93632fb2eae0b77) Importer(815301076,1909f56bfc062723c751e8b465ee728b)  -> (artifact id: 'd16edafea2d14530f64d7d2be6ca3302') in 0.010897 seconds
  Import took 0.028600 seconds .

AssetImportWorkerClient::OnTransportError - code=2 error=End of file
